Build started 4/14/2013 8:15:10 PM.
     1>Project "G:\Visual Studio 2010\Projects\Advanced CG\Bubble\Bubble\Bubble.vcxproj" on node 2 (build target(s)).
     1>InitializeBuildStatus:
         Touching "x64\Debug\Bubble.unsuccessfulbuild".
       ClCompile:
         D:\Program Files (x86)\Microsoft Visual Studio 10.0\VC\bin\x86_amd64\CL.exe /c /I"D:\Program Files\Autodesk\Maya2013\include" /I"E:\Program Files\boost\boost_1_51" /I"G:\Visual Studio 2010\Projects\Advanced CG\Bubble\gmp\include" /I"G:\Visual Studio 2010\Projects\Advanced CG\Bubble\CGAL Install\include" /Iglm /Iglew/include /Iglfw/include /Zi /nologo /W3 /WX- /O2 /Oi /GL /D WIN32 /D NDEBUG /D _CONSOLE /D _UNICODE /D UNICODE /Gm- /EHsc /MD /GS /Gy /fp:precise /Zc:wchar_t /Zc:forScope /Fo"x64\Debug\\" /Fd"x64\Debug\vc100.pdb" /Gd /TP /errorReport:prompt main.cpp
         main.cpp
     1>E:\Program Files\boost\boost_1_51\boost/format/alt_sstream_impl.hpp : warning C4819: The file contains a character that cannot be represented in the current code page (936). Save the file in Unicode format to prevent data loss
     1>g:\visual studio 2010\projects\advanced cg\bubble\bubble\glm\./core/func_common.hpp : warning C4819: The file contains a character that cannot be represented in the current code page (936). Save the file in Unicode format to prevent data loss
     1>g:\visual studio 2010\projects\advanced cg\bubble\bubble\glm\core\func_common.inl : warning C4819: The file contains a character that cannot be represented in the current code page (936). Save the file in Unicode format to prevent data loss
     1>g:\visual studio 2010\projects\advanced cg\bubble\bubble\glm\./core/func_integer.hpp : warning C4819: The file contains a character that cannot be represented in the current code page (936). Save the file in Unicode format to prevent data loss
     1>main.cpp(349): warning C4244: 'argument' : conversion from 'double' to 'float', possible loss of data
     1>main.cpp(365): warning C4244: 'argument' : conversion from 'int' to 'float', possible loss of data
     1>main.cpp(392): warning C4996: 'sprintf': This function or variable may be unsafe. Consider using sprintf_s instead. To disable deprecation, use _CRT_SECURE_NO_WARNINGS. See online help for details.
                 D:\Program Files (x86)\Microsoft Visual Studio 10.0\VC\include\stdio.h(371) : see declaration of 'sprintf'
     1>main.cpp(413): warning C4996: 'fopen': This function or variable may be unsafe. Consider using fopen_s instead. To disable deprecation, use _CRT_SECURE_NO_WARNINGS. See online help for details.
                 D:\Program Files (x86)\Microsoft Visual Studio 10.0\VC\include\stdio.h(234) : see declaration of 'fopen'
     1>main.cpp(422): warning C4267: '=' : conversion from 'size_t' to 'int', possible loss of data
         D:\Program Files (x86)\Microsoft Visual Studio 10.0\VC\bin\x86_amd64\CL.exe /c /I"D:\Program Files\Autodesk\Maya2013\include" /I"E:\Program Files\boost\boost_1_51" /I"G:\Visual Studio 2010\Projects\Advanced CG\Bubble\gmp\include" /I"G:\Visual Studio 2010\Projects\Advanced CG\Bubble\CGAL Install\include" /Iglm /Iglew/include /Iglfw/include /Zi /nologo /W3 /WX- /O2 /Oi /GL /D WIN32 /D NDEBUG /D _CONSOLE /D _UNICODE /D UNICODE /Gm- /EHsc /MD /GS /Gy /fp:precise /Zc:wchar_t /Zc:forScope /Fo"x64\Debug\\" /Fd"x64\Debug\vc100.pdb" /Gd /TC /errorReport:prompt stb_image.c stb_image_write.c
         stb_image.c
     1>stb_image.c(761): warning C4244: 'initializing' : conversion from '__int64' to 'int', possible loss of data
     1>stb_image.c(774): warning C4244: 'initializing' : conversion from '__int64' to 'int', possible loss of data
         stb_image_write.c
     1>g:\visual studio 2010\projects\advanced cg\bubble\bubble\stb_image_write.h(327): warning C4244: 'initializing' : conversion from '__int64' to 'int', possible loss of data
       Link:
         D:\Program Files (x86)\Microsoft Visual Studio 10.0\VC\bin\x86_amd64\link.exe /ERRORREPORT:PROMPT /OUT:"G:\Visual Studio 2010\Projects\Advanced CG\Bubble\x64\Debug\Bubble.exe" /INCREMENTAL:NO /NOLOGO /LIBPATH:"D:\Program Files\Autodesk\Maya2013\lib" /LIBPATH:"E:\Program Files\boost\boost_1_51\lib" /LIBPATH:"G:\Visual Studio 2010\Projects\Advanced CG\Bubble\gmp\lib" /LIBPATH:"G:\Visual Studio 2010\Projects\Advanced CG\Bubble\CGAL Install\lib" /LIBPATH:glew/lib /LIBPATH:glfw/lib glew32.lib glu32.lib opengl32.lib glfw.lib glfwdll.lib "libgmp-10.lib" "libmpfr-4.lib" "boost_chrono-vc100-mt-1_51.lib" kernel32.lib user32.lib gdi32.lib winspool.lib comdlg32.lib advapi32.lib shell32.lib ole32.lib oleaut32.lib uuid.lib odbc32.lib odbccp32.lib /MANIFEST /ManifestFile:"x64\Debug\Bubble.exe.intermediate.manifest" /MANIFESTUAC:"level='asInvoker' uiAccess='false'" /DEBUG /PDB:"G:\Visual Studio 2010\Projects\Advanced CG\Bubble\x64\Debug\Bubble.pdb" /SUBSYSTEM:CONSOLE /OPT:REF /OPT:ICF /LTCG /TLBID:1 /DYNAMICBASE /NXCOMPAT /IMPLIB:"G:\Visual Studio 2010\Projects\Advanced CG\Bubble\x64\Debug\Bubble.lib" /MACHINE:X64 x64\Debug\bubble.obj
         x64\Debug\bubble_sim.obj
         x64\Debug\main.obj
         x64\Debug\scene.obj
         x64\Debug\stb_image.obj
         x64\Debug\stb_image_write.obj
         Generating code
         Finished generating code
     1>glfw.lib(enable.obj) : warning LNK4099: PDB 'vc110.pdb' was not found with 'glfw.lib(enable.obj)' or at 'G:\Visual Studio 2010\Projects\Advanced CG\Bubble\x64\Debug\vc110.pdb'; linking object as if no debug info
     1>glfw.lib(glext.obj) : warning LNK4099: PDB 'vc110.pdb' was not found with 'glfw.lib(glext.obj)' or at 'G:\Visual Studio 2010\Projects\Advanced CG\Bubble\x64\Debug\vc110.pdb'; linking object as if no debug info
     1>glfw.lib(init.obj) : warning LNK4099: PDB 'vc110.pdb' was not found with 'glfw.lib(init.obj)' or at 'G:\Visual Studio 2010\Projects\Advanced CG\Bubble\x64\Debug\vc110.pdb'; linking object as if no debug info
     1>glfw.lib(input.obj) : warning LNK4099: PDB 'vc110.pdb' was not found with 'glfw.lib(input.obj)' or at 'G:\Visual Studio 2010\Projects\Advanced CG\Bubble\x64\Debug\vc110.pdb'; linking object as if no debug info
     1>glfw.lib(time.obj) : warning LNK4099: PDB 'vc110.pdb' was not found with 'glfw.lib(time.obj)' or at 'G:\Visual Studio 2010\Projects\Advanced CG\Bubble\x64\Debug\vc110.pdb'; linking object as if no debug info
     1>glfw.lib(win32_enable.obj) : warning LNK4099: PDB 'vc110.pdb' was not found with 'glfw.lib(win32_enable.obj)' or at 'G:\Visual Studio 2010\Projects\Advanced CG\Bubble\x64\Debug\vc110.pdb'; linking object as if no debug info
     1>glfw.lib(win32_fullscreen.obj) : warning LNK4099: PDB 'vc110.pdb' was not found with 'glfw.lib(win32_fullscreen.obj)' or at 'G:\Visual Studio 2010\Projects\Advanced CG\Bubble\x64\Debug\vc110.pdb'; linking object as if no debug info
     1>glfw.lib(win32_glext.obj) : warning LNK4099: PDB 'vc110.pdb' was not found with 'glfw.lib(win32_glext.obj)' or at 'G:\Visual Studio 2010\Projects\Advanced CG\Bubble\x64\Debug\vc110.pdb'; linking object as if no debug info
     1>glfw.lib(win32_init.obj) : warning LNK4099: PDB 'vc110.pdb' was not found with 'glfw.lib(win32_init.obj)' or at 'G:\Visual Studio 2010\Projects\Advanced CG\Bubble\x64\Debug\vc110.pdb'; linking object as if no debug info
     1>glfw.lib(win32_time.obj) : warning LNK4099: PDB 'vc110.pdb' was not found with 'glfw.lib(win32_time.obj)' or at 'G:\Visual Studio 2010\Projects\Advanced CG\Bubble\x64\Debug\vc110.pdb'; linking object as if no debug info
     1>glfw.lib(win32_window.obj) : warning LNK4099: PDB 'vc110.pdb' was not found with 'glfw.lib(win32_window.obj)' or at 'G:\Visual Studio 2010\Projects\Advanced CG\Bubble\x64\Debug\vc110.pdb'; linking object as if no debug info
     1>glfw.lib(window.obj) : warning LNK4099: PDB 'vc110.pdb' was not found with 'glfw.lib(window.obj)' or at 'G:\Visual Studio 2010\Projects\Advanced CG\Bubble\x64\Debug\vc110.pdb'; linking object as if no debug info
         Bubble.vcxproj -> G:\Visual Studio 2010\Projects\Advanced CG\Bubble\x64\Debug\Bubble.exe
       Manifest:
         C:\Program Files (x86)\Microsoft SDKs\Windows\v7.0A\bin\mt.exe /nologo /verbose /outputresource:"G:\Visual Studio 2010\Projects\Advanced CG\Bubble\x64\Debug\Bubble.exe;#1" /manifest x64\Debug\Bubble.exe.intermediate.manifest
       FinalizeBuildStatus:
         Deleting file "x64\Debug\Bubble.unsuccessfulbuild".
         Touching "x64\Debug\Bubble.lastbuildstate".
     1>Done Building Project "G:\Visual Studio 2010\Projects\Advanced CG\Bubble\Bubble\Bubble.vcxproj" (build target(s)).

Build succeeded.

Time Elapsed 00:00:08.64
