D:\DROPBOX\BUBBLE\BUBBLE\BUBBLE\X64\RELEASE\BUBBLE.EXE.INTERMEDIATE.MANIFEST
D:\DROPBOX\BUBBLE\BUBBLE\BUBBLE\X64\RELEASE\BUBBLE.OBJ
D:\DROPBOX\BUBBLE\BUBBLE\BUBBLE\X64\RELEASE\BUBBLE_SIM.OBJ
D:\DROPBOX\BUBBLE\BUBBLE\BUBBLE\X64\RELEASE\SCENE.OBJ
D:\DROPBOX\BUBBLE\BUBBLE\X64\RELEASE\BUBBLE.EXE
D:\DROPBOX\BUBBLE\BUBBLE\X64\RELEASE\BUBBLE.PDB
E:\DOCUMENTS\VISUAL STUDIO 2010\PROJECTS\ADVANCED CG\BUBBLE\BUBBLE\X64\RELEASE\BUBBLE.EXE.INTERMEDIATE.MANIFEST
E:\DOCUMENTS\VISUAL STUDIO 2010\PROJECTS\ADVANCED CG\BUBBLE\BUBBLE\X64\RELEASE\BUBBLE.OBJ
E:\Documents\Visual Studio 2010\Projects\Advanced CG\Bubble\Bubble\x64\Release\Bubble.write.1.tlog
E:\DOCUMENTS\VISUAL STUDIO 2010\PROJECTS\ADVANCED CG\BUBBLE\BUBBLE\X64\RELEASE\BUBBLE_SIM.OBJ
E:\Documents\Visual Studio 2010\Projects\Advanced CG\Bubble\Bubble\x64\Release\cl.command.1.tlog
E:\Documents\Visual Studio 2010\Projects\Advanced CG\Bubble\Bubble\x64\Release\CL.read.1.tlog
E:\Documents\Visual Studio 2010\Projects\Advanced CG\Bubble\Bubble\x64\Release\CL.write.1.tlog
E:\Documents\Visual Studio 2010\Projects\Advanced CG\Bubble\Bubble\x64\Release\link.command.1.tlog
E:\Documents\Visual Studio 2010\Projects\Advanced CG\Bubble\Bubble\x64\Release\link.read.1.tlog
E:\Documents\Visual Studio 2010\Projects\Advanced CG\Bubble\Bubble\x64\Release\link.write.1.tlog
E:\DOCUMENTS\VISUAL STUDIO 2010\PROJECTS\ADVANCED CG\BUBBLE\BUBBLE\X64\RELEASE\MAIN.OBJ
E:\Documents\Visual Studio 2010\Projects\Advanced CG\Bubble\Bubble\x64\Release\mt.command.1.tlog
E:\Documents\Visual Studio 2010\Projects\Advanced CG\Bubble\Bubble\x64\Release\mt.read.1.tlog
E:\Documents\Visual Studio 2010\Projects\Advanced CG\Bubble\Bubble\x64\Release\mt.write.1.tlog
E:\DOCUMENTS\VISUAL STUDIO 2010\PROJECTS\ADVANCED CG\BUBBLE\BUBBLE\X64\RELEASE\SCENE.OBJ
E:\DOCUMENTS\VISUAL STUDIO 2010\PROJECTS\ADVANCED CG\BUBBLE\BUBBLE\X64\RELEASE\STB_IMAGE.OBJ
E:\DOCUMENTS\VISUAL STUDIO 2010\PROJECTS\ADVANCED CG\BUBBLE\BUBBLE\X64\RELEASE\STB_IMAGE_WRITE.OBJ
E:\DOCUMENTS\VISUAL STUDIO 2010\PROJECTS\ADVANCED CG\BUBBLE\BUBBLE\X64\RELEASE\VC100.PDB
E:\DOCUMENTS\VISUAL STUDIO 2010\PROJECTS\ADVANCED CG\BUBBLE\X64\RELEASE\BUBBLE.EXE
E:\DOCUMENTS\VISUAL STUDIO 2010\PROJECTS\ADVANCED CG\BUBBLE\X64\RELEASE\BUBBLE.PDB
